WARNING: You are running different service versions locally than your linked project:
supabase/gotrue:v2.179.0 => v2.180.0
Run supabase link to update them.
Starting database...
Initialising schema...
Seeding globals from roles.sql...
Skipping migration 2025-01-27-create-branding-bucket.sql... (file name must match pattern "<timestamp>_name.sql")
Skipping migration 2025-10-04-sightseeing-schema.sql... (file name must match pattern "<timestamp>_name.sql")
Skipping migration 2025-10-24-agent-branding-and-rls.sql... (file name must match pattern "<timestamp>_name.sql")
Skipping migration 2025-10-29-fix-agent-branding-upload-rls.sql... (file name must match pattern "<timestamp>_name.sql")
Skipping migration 2025-11-04_sales_enquiries.sql... (file name must match pattern "<timestamp>_name.sql")
Skipping migration enquriy.sql... (file name must match pattern "<timestamp>_name.sql")
Applying migration 20240701000000_init_core_schema.sql...
NOTICE (42710): extension "pgcrypto" already exists, skipping
Applying migration 20240701120000_init_user_roles.sql...
Applying migration 20240702000000_timestamp_helpers.sql...
Applying migration 20240703000000_create_transport_routes.sql...
Applying migration 20240703010000_create_intermediate_stops.sql...
Applying migration 20240704000000_create_sightseeing.sql...
Applying migration 20240704010000_create_sightseeing_options.sql...
Applying migration 20240704090000_create_get_current_user_role_function.sql...
Applying migration 20240705000000_create_staff_sequence.sql...
Applying migration 20240712100000_handle_new_user_trigger.sql...
NOTICE (00000): trigger "on_auth_user_created" for relation "auth.users" does not exist, skipping
NOTICE (00000): function public.handle_new_user() does not exist, skipping
Applying migration 20240715120000_fix_handle_new_user_trigger.sql...
NOTICE (00000): trigger "on_profile_insert_sync_agent" for relation "public.profiles" does not exist, skipping
NOTICE (00000): trigger "on_profile_update_sync_agent" for relation "public.profiles" does not exist, skipping
NOTICE (00000): trigger "on_agent_profile_insert" for relation "public.profiles" does not exist, skipping
NOTICE (00000): trigger "on_agent_profile_update" for relation "public.profiles" does not exist, skipping
NOTICE (00000): function public.handle_agent_profile_insert() does not exist, skipping
NOTICE (00000): function public.handle_agent_profile_update() does not exist, skipping
Applying migration 20240716170000_comprehensive_user_creation_fix.sql...
Applying migration 20240716180000_fix_rls_for_user_creation.sql...
NOTICE (00000): policy "Users can read own profile" for relation "public.profiles" does not exist, skipping
NOTICE (00000): policy "Users can update own profile" for relation "public.profiles" does not exist, skipping
NOTICE (00000): policy "Service role can manage all profiles" for relation "public.profiles" does not exist, skipping
NOTICE (00000): policy "Allow profile creation during signup" for relation "public.profiles" does not exist, skipping
NOTICE (00000): drop cascades to trigger on_auth_user_created on table auth.users
NOTICE (00000): trigger "on_auth_user_created" for relation "auth.users" does not exist, skipping
Applying migration 20241201_add_get_agent_credentials_status_rpc.sql...
Applying migration 20241231000001_add_user_roles_rls_policies.sql...
Applying migration 20250101_enhanced_handle_new_user_auth_data.sql...
Applying migration 20250102_update_profile_creation_trigger.sql...
Applying migration 20250103_final_trigger_fix.sql...
Applying migration 20250114000000_init_hotels.sql...
Applying migration 20250115000000_add_hotels_external_id_unique_index.sql...
Applying migration 20250127120000_add_sightseeing_pricing_currency.sql...
Applying migration 20250127130000_create_get_current_user_role_function.sql...
Applying migration 20251006090000_add_hotel_currency.sql...
Applying migration 20251008_add_agent_management_rpcs.sql...
Applying migration 20251009_agent_profile_fields.sql...
NOTICE (42701): column "source_type" of relation "agents" already exists, skipping
NOTICE (42701): column "source_details" of relation "agents" already exists, skipping
Applying migration 20251010120000_add_approve_agent_rpc.sql...
Applying migration 20251010130000_add_authenticate_managed_agent_rpc.sql...
NOTICE (42710): extension "pgcrypto" already exists, skipping
Applying migration 20251010140000_add_set_agent_credentials_rpc.sql...
NOTICE (42710): extension "pgcrypto" already exists, skipping
Applying migration 20251010_add_agent_credentials_rpc.sql...
NOTICE (42710): extension "pgcrypto" already exists, skipping
Applying migration 20251011090000_add_agents_created_by.sql...
Applying migration 20251011091000_fix_agent_profile_triggers.sql...
NOTICE (00000): constraint "agents_user_id_fkey1" of relation "agents" does not exist, skipping
Applying migration 20251027010000_add_exec_sql_helper.sql...
Applying migration 20251027011000_add_search_path_for_updated_at_helpers.sql...
Applying migration 20251027012000_create_user_profile_data_and_update_trigger.sql...
Applying migration 20251027013000_fix_agent_details_mapping.sql...
NOTICE (00000): drop cascades to trigger on_auth_user_created on table auth.users
NOTICE (00000): trigger "on_auth_user_created" for relation "auth.users" does not exist, skipping
Applying migration 20251027013600_fix_profiles_rls_recursion_with_rpc.sql...
Applying migration 20251027014000_fix_agent_role_triggers.sql...
Applying migration 20251027014600_minimal_handle_new_user.sql...
Applying migration 20251027014700_role_aware_handle_new_user.sql...
Applying migration 20251027015000_fix_handle_new_user_agent_status.sql...
NOTICE (00000): drop cascades to trigger on_auth_user_created on table auth.users
NOTICE (00000): trigger "on_auth_user_created" for relation "auth.users" does not exist, skipping
Applying migration 20251027015100_full_handle_new_user_agent_profile.sql...
Applying migration 20251028_backfill_agents_from_profiles.sql...
Stopping containers...
ERROR: column "country" of relation "agents" does not exist (SQLSTATE 42703)
At statement: 3                                                             
-- Optionally drop the temp function to avoid lingering                     
DROP FUNCTION IF EXISTS public._tmp_backfill_agents_from_profiles()         
Try rerunning the command with --debug to troubleshoot the error.
